<?xml version="1.0" encoding="UTF-8"?>
<!-- Generated by org.testng.reporters.JUnitXMLReporter -->
<testsuite ignored="0" hostname="SL-2037" failures="1" tests="2" name="Surefire test" time="30.449" errors="0" timestamp="31 May 2024 13:53:16 GMT">
  <testcase classname="com.bb.BBTest" name="BBPageTitle" time="10.369">
    <failure type="java.lang.AssertionError" message="expected [Best Buy | Official Online Store | Shop Now &amp;amp; Save] but found []">
      <![CDATA[java.lang.AssertionError: expected [Best Buy | Official Online Store | Shop Now & Save] but found []
	at com.bb.BBTest.BBPageTitle(BBTest.java:155)
	at java.base/java.util.concurrent.FutureTask.run(FutureTask.java:264)
	at java.base/java.util.concurrent.Executors$RunnableAdapter.call(Executors.java:515)
	at java.base/java.util.concurrent.FutureTask.run(FutureTask.java:264)
	at java.base/java.util.concurrent.ThreadPoolExecutor.runWorker(ThreadPoolExecutor.java:1128)
	at java.base/java.util.concurrent.ThreadPoolExecutor$Worker.run(ThreadPoolExecutor.java:628)
	at java.base/java.lang.Thread.run(Thread.java:834)
... Removed 15 stack frames]]>
    </failure>
  </testcase> <!-- BBPageTitle -->
  <testcase classname="com.woot.WootTest" name="WootPageTitle" time="29.689"/>
</testsuite> <!-- Surefire test -->
